Tool versions : 
Java
----
/usr/bin/java -version
java version "1.7.0_75"
OpenJDK Runtime Environment (rhel-2.5.4.0.el6_6-x86_64 u75-b13)
OpenJDK 64-Bit Server VM (build 24.75-b04, mixed mode)
fastqc
------
fastqc -version
FastQC v0.10.1
rpm -q fastqc
fastqc-0.10.1-2.agr.x86_64
sambamba
--------
/dataset/AG_1000_bulls/active/bin/sambamba -h
sambamba v0.4.6

Usage: sambamba [command] [args...]

    Available commands: 'view', 'index', 'merge', 'sort',
                        'flagstat', 'slice', 'markdup'
    To get help on a particular command, just call it without args.
gatk
----
/usr/bin/java -Xmx4G -jar -Djava.io.tmpdir=/tmp -jar /dataset/AFC_dairy_cows/archive/GenomeAnalysisTKLite-2.3-9-gdcdccbb/GenomeAnalysisTKLite.jar
--------------------------------------------------------------------------------
The Genome Analysis Toolkit (GATK) v2.3-9-gdcdccbb, Compiled 2013/01/11 20:03:13
Copyright (c) 2010 The Broad Institute
For support and documentation go to http://www.broadinstitute.org/gatk
--------------------------------------------------------------------------------
bwa
---
bwa

Program: bwa (alignment via Burrows-Wheeler transformation)
Version: 0.7.9a-r786
Contact: Heng Li <lh3@sanger.ac.uk>

Usage:   bwa <command> [options]

Command: index         index sequences in the FASTA format
         mem           BWA-MEM algorithm
         fastmap       identify super-maximal exact matches
         pemerge       merge overlapping paired ends (EXPERIMENTAL)
         aln           gapped/ungapped alignment
         samse         generate alignment (single ended)
         sampe         generate alignment (paired ended)
         bwasw         BWA-SW for long queries

         fa2pac        convert FASTA to PAC format
         pac2bwt       generate BWT from PAC
         pac2bwtgen    alternative algorithm for generating BWT
         bwtupdate     update .bwt to the new format
         bwt2sa        generate SA from BWT and Occ

Note: To use BWA, you need to first index the genome with `bwa index'.
      There are three alignment algorithms in BWA: `mem', `bwasw', and
      `aln/samse/sampe'. If you are not sure which to use, try `bwa mem'
      first. Please `man ./bwa.1' for the manual.

rpm -q bwa
bwa-0.7.9a-1.agr.x86_64
samtools
--------
samtools

Program: samtools (Tools for alignments in the SAM format)
Version: 0.1.19-44428cd

Usage:   samtools <command> [options]

Command: view        SAM<->BAM conversion
         sort        sort alignment file
         mpileup     multi-way pileup
         depth       compute the depth
         faidx       index/extract FASTA
         tview       text alignment viewer
         index       index alignment
         idxstats    BAM index stats (r595 or later)
         fixmate     fix mate information
         flagstat    simple stats
         calmd       recalculate MD/NM tags and '=' bases
         merge       merge sorted alignments
         rmdup       remove PCR duplicates
         reheader    replace BAM header
         cat         concatenate BAMs
         bedcov      read depth per BED region
         targetcut   cut fosmid regions (for fosmid pool only)
         phase       phase heterozygotes
         bamshuf     shuffle and group alignments by name

rpm -q samtools
samtools-0.1.19-3.el6.nzgl.x86_64
bamtools
--------
bamtools

usage: bamtools [--help] COMMAND [ARGS]

Available bamtools commands:
	convert         Converts between BAM and a number of other formats
	count           Prints number of alignments in BAM file(s)
	coverage        Prints coverage statistics from the input BAM file
	filter          Filters BAM file(s) by user-specified criteria
	header          Prints BAM header information
	index           Generates index for BAM file
	merge           Merge multiple BAM files into single file
	random          Select random alignments from existing BAM file(s), intended more as a testing tool.
	resolve         Resolves paired-end reads (marking the IsProperPair flag as needed)
	revert          Removes duplicate marks and restores original base qualities
	sort            Sorts the BAM file according to some criteria
	split           Splits a BAM file on user-specified property, creating a new BAM output file for each value found
	stats           Prints some basic statistics from input BAM file(s)

See 'bamtools help COMMAND' for more information on a specific command.

rpm -q bamtools
bamtools-2.2.3-1.agr.x86_64
quadtrim
-------
 Version:     2.0.1
